Parameters of run:
    subreddit = c
    subsample = True
    subsample_size = 453
    train_model = False
    batch_size = 15
    num_trials = 20
    perform_pca_bert = False
    perform_pca_feat = False
    n_pca_componenents_bert = None
    n_pca_componenents_feat = None
    n_eig_view = 20
    rand_feat = False
    seed = 42
_____________________________________________________________

Beginning data loading...

Data loading complete, run time: 0.04 s...
   data has shape [19479 x 350]

Loading pretrained BERT embeddings...

Embedding save file not found, generating from scratch...

Loading BERT model and tokenizer...

BERT model and tokenizer loaded, run time: 0.22 s...

Tokenizing posts...


Tokenization complete, run time: 5.17 s...


Generating embeddings...

BERT embeddings generated, run time: 1003.03 s...
   embedding set has shape [19479 x 768]

Beginning feature processing...

Feature processing complete, run time: 0.02 s...
   features have shape [19479 x 346]

Beginning classification...

Classification results over 20 trials:
    BERT:        Runtime: 499.27 s    ---    mean accuracy: 0.54, σ: 0.01    ---    mean f1: 0.54, σ: 0.01
    Features:    Runtime: 390.86 s    ---    mean accuracy: 0.54, σ: 0.01    ---    mean f1: 0.55, σ: 0.01


    Results saved at /data/results_10-27-23 10:04:14.png

